<?xml version="1.0" encoding="UTF-8"?>
<!-- Generated by org.testng.reporters.JUnitReportReporter -->
<testsuite skipped="0" hostname="LAPTOP-O7OUPMAU" name="qaclickacademy.SeleniumTest" tests="2" failures="0" timestamp="01 May 2019 09:25:34 GMT" time="0.028" errors="0">
  <testcase name="BrowserAUtomation" time="0.016" classname="qaclickacademy.SeleniumTest"/>
  <testcase name="elementsUi" time="0.012" classname="qaclickacademy.SeleniumTest"/>
</testsuite> <!-- qaclickacademy.SeleniumTest -->
