<?xml version="1.0" encoding="UTF-8"?>
<!-- Generated by org.testng.reporters.JUnitReportReporter -->
<testsuite skipped="0" hostname="LAPTOP-O7OUPMAU" name="qaclickacademy.RESTAPITest" tests="2" failures="0" timestamp="01 May 2019 09:25:34 GMT" time="0.008" errors="0">
  <testcase name="postJira" time="0.004" classname="qaclickacademy.RESTAPITest"/>
  <testcase name="deleteTwitter" time="0.004" classname="qaclickacademy.RESTAPITest"/>
</testsuite> <!-- qaclickacademy.RESTAPITest -->
